<?xml version="1.0" encoding="UTF-8"?>
<!-- Generated by org.testng.reporters.JUnitReportReporter -->
<testsuite hostname="P4A-508SD4B" name="com.accenture.test.Registeration_test" tests="1" failures="0" timestamp="25 Jul 2018 07:02:55 GMT" time="3.266" errors="0">
  <testcase name="TestRegstr" time="3.266" classname="com.accenture.test.Registeration_test"/>
</testsuite> <!-- com.accenture.test.Registeration_test -->
