<?xml version="1.0" encoding="UTF-8"?>
<!-- Generated by org.testng.reporters.JUnitReportReporter -->
<testsuite hostname="P4A-508SD4B" name="com.accenture.test.ChildBrowser" tests="1" failures="0" timestamp="26 Jul 2018 06:01:09 GMT" time="33.815" errors="0">
  <testcase name="f" time="33.815" classname="com.accenture.test.ChildBrowser"/>
</testsuite> <!-- com.accenture.test.ChildBrowser -->
