<?xml version="1.0" encoding="UTF-8"?>
<!-- Generated by org.testng.reporters.JUnitReportReporter -->
<testsuite hostname="P4A-508SD4B" name="com.accenture.test.ActionTestNG" tests="1" failures="0" timestamp="23 Jul 2018 07:04:57 GMT" time="8.216" errors="0">
  <testcase name="f" time="8.216" classname="com.accenture.test.ActionTestNG"/>
</testsuite> <!-- com.accenture.test.ActionTestNG -->
