<?xml version="1.0" encoding="UTF-8"?>
<!-- Generated by org.testng.reporters.JUnitReportReporter -->
<testsuite hostname="P4A-508SD4B" name="com.accenture.test.Cookies" tests="1" failures="0" timestamp="24 Jul 2018 07:34:27 GMT" time="7.183" errors="0">
  <testcase name="cookies" time="7.183" classname="com.accenture.test.Cookies"/>
</testsuite> <!-- com.accenture.test.Cookies -->
