<?xml version="1.0" encoding="UTF-8"?>
<!-- Generated by org.testng.reporters.JUnitReportReporter -->
<testsuite hostname="P4A-508SD4B" name="com.accenture.test.Calc" tests="1" failures="0" timestamp="24 Jul 2018 06:13:43 GMT" time="0.000" errors="0">
  <testcase name="f" time="0.000" classname="com.accenture.test.Calc"/>
</testsuite> <!-- com.accenture.test.Calc -->
